<?xml version="1.0" encoding="UTF-8"?>
<testsuite xmlns:xsi="http://www.w3.org/2001/XMLSchema-instance" xsi:schemaLocation="https://maven.apache.org/surefire/maven-surefire-plugin/xsd/surefire-test-report.xsd" name="unittesting.HowManyWoofsTest" time="0.004" tests="6" errors="0" skipped="0" failures="0">
  <properties>
[...]
</properties>
  <testcase name="testTwoBones" classname="unittesting.HowManyWoofsTest" time="0.001"/>
  <testcase name="testNegativeTenBones" classname="unittesting.HowManyWoofsTest" time="0"/>
  <testcase name="testTenBones" classname="unittesting.HowManyWoofsTest" time="0.001"/>
  <testcase name="testFiveBones" classname="unittesting.HowManyWoofsTest" time="0"/>
  <testcase name="testZeroBones" classname="unittesting.HowManyWoofsTest" time="0.001"/>
  <testcase name="testNegativeFiveBones" classname="unittesting.HowManyWoofsTest" time="0"/>
</testsuite>