<?xml version="1.0" encoding="UTF-8"?>
<testsuite xmlns:xsi="http://www.w3.org/2001/XMLSchema-instance" xsi:noNamespaceSchemaLocation="https://maven.apache.org/surefire/maven-surefire-plugin/xsd/surefire-test-report-3.0.xsd" version="3.0" name="M2.Summary.classroster.service.ClassRosterServiceLayerImplTest" time="0.407" tests="6" errors="0" skipped="0" failures="0">
  <properties>
[...]
</properties>
  <testcase name="testCreateDuplicateIdStudent" classname="M2.Summary.classroster.service.ClassRosterServiceLayerImplTest" time="0.004"/>
  <testcase name="testGetStudent" classname="M2.Summary.classroster.service.ClassRosterServiceLayerImplTest" time="0"/>
  <testcase name="testGetAllStudents" classname="M2.Summary.classroster.service.ClassRosterServiceLayerImplTest" time="0"/>
  <testcase name="testCreateStudentInvalidData" classname="M2.Summary.classroster.service.ClassRosterServiceLayerImplTest" time="0"/>
  <testcase name="testRemoveStudent" classname="M2.Summary.classroster.service.ClassRosterServiceLayerImplTest" time="0"/>
  <testcase name="testCreateValidStudent" classname="M2.Summary.classroster.service.ClassRosterServiceLayerImplTest" time="0"/>
</testsuite>