<?xml version="1.0" encoding="UTF-8"?>
<testsuite xmlns:xsi="http://www.w3.org/2001/XMLSchema-instance" xsi:noNamespaceSchemaLocation="https://maven.apache.org/surefire/maven-surefire-plugin/xsd/surefire-test-report-3.0.xsd" version="3.0" name="flooring.dao.FlooringStateDaoImplTest" time="0.175" tests="5" errors="0" skipped="0" failures="0">
  <properties>
[...]
</properties>
  <testcase name="getStateTest" classname="flooring.dao.FlooringStateDaoImplTest" time="0.051"/>
  <testcase name="getAllStatesTest" classname="flooring.dao.FlooringStateDaoImplTest" time="0.034"/>
  <testcase name="editStateTest" classname="flooring.dao.FlooringStateDaoImplTest" time="0.027"/>
  <testcase name="removeStateTest" classname="flooring.dao.FlooringStateDaoImplTest" time="0.025"/>
  <testcase name="addStateTest" classname="flooring.dao.FlooringStateDaoImplTest" time="0.033"/>
</testsuite>